0001_0014_0028_0032_0032.jpg 1 14 28 32 32
0002_0013_0021_0069_0069.jpg 1 13 21 69 69
0003_0043_0013_0048_0048.jpg 1 43 13 48 48
0004_0031_0022_0033_0033.jpg 1 31 22 33 33
0005_0011_0030_0064_0064.jpg 1 11 30 64 64
0006_0007_0036_0050_0050.jpg 1 7 36 50 50
0007_0015_0035_0056_0056.jpg 1 15 35 56 56
0008_0011_0011_0067_0067.jpg 1 11 11 67 67
0009_0022_0028_0067_0067.jpg 1 22 28 67 67
0010_0005_0019_0066_0066.jpg 1 5 19 66 66
0011_0012_0029_0052_0052.jpg 1 12 29 52 52
0012_0029_0019_0058_0058.jpg 1 29 19 58 58
0013_0010_0020_0057_0057.jpg 1 10 20 57 57
0014_0035_0011_0038_0038.jpg 1 35 11 38 38
0015_0017_0012_0034_0034.jpg 1 17 12 34 34
0016_0028_0024_0048_0048.jpg 1 28 24 48 48
0017_0015_0042_0051_0051.jpg 1 15 42 51 51
0018_0048_0047_0037_0037.jpg 1 48 47 37 37
0019_0031_0030_0040_0040.jpg 1 31 30 40 40
0020_0015_0032_0058_0058.jpg 1 15 32 58 58
0021_0032_0020_0054_0054.jpg 1 32 20 54 54
0022_0012_0019_0033_0033.jpg 1 12 19 33 33
0023_0031_0015_0060_0060.jpg 1 31 15 60 60
0024_0013_0031_0065_0065.jpg 1 13 31 65 65
0025_0024_0045_0032_0032.jpg 1 24 45 32 32
0026_0054_0044_0036_0036.jpg 1 54 44 36 36
0027_0049_0025_0034_0034.jpg 1 49 25 34 34
0028_0025_0006_0069_0069.jpg 1 25 6 69 69
0029_0023_0008_0028_0028.jpg 1 23 8 28 28
0030_0004_0018_0066_0066.jpg 1 4 18 66 66
0031_0004_0012_0061_0061.jpg 1 4 12 61 61
0032_0047_0032_0024_0024.jpg 1 47 32 24 24
0033_0035_0047_0046_0046.jpg 1 35 47 46 46
0034_0052_0051_0036_0036.jpg 1 52 51 36 36
0035_0027_0011_0036_0036.jpg 1 27 11 36 36
0036_0005_0035_0059_0059.jpg 1 5 35 59 59
0037_0019_0014_0064_0064.jpg 1 19 14 64 64
0038_0030_0023_0036_0036.jpg 1 30 23 36 36
0039_0021_0043_0027_0027.jpg 1 21 43 27 27
0040_0055_0029_0031_0031.jpg 1 55 29 31 31
0041_0027_0007_0041_0041.jpg 1 27 7 41 41
0042_0012_0006_0057_0057.jpg 1 12 6 57 57
0043_0011_0029_0026_0026.jpg 1 11 29 26 26
0044_0042_0026_0026_0026.jpg 1 42 26 26 26
0045_0010_0041_0047_0047.jpg 1 10 41 47 47
0046_0030_0006_0064_0064.jpg 1 30 6 64 64
0047_0021_0053_0025_0025.jpg 1 21 53 25 25
0048_0024_0047_0045_0045.jpg 1 24 47 45 45
0049_0020_0007_0043_0043.jpg 1 20 7 43 43
0050_0012_0018_0058_0058.jpg 1 12 18 58 58
0051_0042_0036_0032_0032.jpg 1 42 36 32 32
0052_0031_0021_0029_0029.jpg 1 31 21 29 29
0053_0023_0007_0026_0026.jpg 1 23 7 26 26
0054_0030_0019_0034_0034.jpg 1 30 19 34 34
0055_0030_0008_0049_0049.jpg 1 30 8 49 49
0056_0047_0046_0035_0035.jpg 1 47 46 35 35
0057_0011_0019_0058_0058.jpg 1 11 19 58 58
0058_0040_0026_0031_0031.jpg 1 40 26 31 31
0059_0038_0025_0046_0046.jpg 1 38 25 46 46
0060_0030_0037_0051_0051.jpg 1 30 37 51 51
0061_0035_0008_0038_0038.jpg 1 35 8 38 38
0062_0008_0006_0054_0054.jpg 1 8 6 54 54
0063_0051_0016_0040_0040.jpg 1 51 16 40 40
0064_0026_0032_0054_0054.jpg 1 26 32 54 54
0065_0020_0019_0049_0049.jpg 1 20 19 49 49
0066_0027_0027_0053_0053.jpg 1 27 27 53 53
0067_0018_0024_0052_0052.jpg 1 18 24 52 52
0068_0020_0025_0058_0058.jpg 1 20 25 58 58
0069_0041_0032_0024_0024.jpg 1 41 32 24 24
0070_0007_0025_0052_0052.jpg 1 7 25 52 52
0071_0029_0025_0029_0029.jpg 1 29 25 29 29
0072_0053_0024_0029_0029.jpg 1 53 24 29 29
0073_0038_0027_0051_0051.jpg 1 38 27 51 51
0074_0054_0035_0028_0028.jpg 1 54 35 28 28
0075_0014_0008_0064_0064.jpg 1 14 8 64 64
0076_0018_0058_0027_0027.jpg 1 18 58 27 27
0077_0032_0007_0056_0056.jpg 1 32 7 56 56
0078_0007_0007_0067_0067.jpg 1 7 7 67 67
0079_0032_0016_0029_0029.jpg 1 32 16 29 29
0080_0056_0035_0033_0033.jpg 1 56 35 33 33
0081_0012_0007_0027_0027.jpg 1 12 7 27 27
0082_0034_0012_0050_0050.jpg 1 34 12 50 50
0083_0057_0051_0024_0024.jpg 1 57 51 24 24
0084_0023_0022_0047_0047.jpg 1 23 22 47 47
0085_0021_0014_0042_0042.jpg 1 21 14 42 42
0086_0022_0062_0027_0027.jpg 1 22 62 27 27
0087_0045_0036_0044_0044.jpg 1 45 36 44 44
0088_0005_0027_0054_0054.jpg 1 5 27 54 54
0089_0041_0050_0040_0040.jpg 1 41 50 40 40
0090_0018_0037_0053_0053.jpg 1 18 37 53 53
0091_0020_0026_0051_0051.jpg 1 20 26 51 51
0092_0016_0011_0047_0047.jpg 1 16 11 47 47
0093_0029_0020_0028_0028.jpg 1 29 20 28 28
0094_0054_0025_0030_0030.jpg 1 54 25 30 30
0095_0043_0052_0028_0028.jpg 1 43 52 28 28
0096_0030_0006_0049_0049.jpg 1 30 6 49 49
0097_0040_0012_0041_0041.jpg 1 40 12 41 41
0098_0012_0030_0062_0062.jpg 1 12 30 62 62
0099_0011_0014_0053_0053.jpg 1 11 14 53 53
0100_0010_0016_0069_0069.jpg 1 10 16 69 69
0101_0016_0030_0051_0051.jpg 1 16 30 51 51
0102_0023_0015_0051_0051.jpg 1 23 15 51 51
0103_0051_0030_0041_0041.jpg 1 51 30 41 41
0104_0021_0015_0069_0069.jpg 1 21 15 69 69
0105_0010_0007_0065_0065.jpg 1 10 7 65 65
0106_0060_0021_0031_0031.jpg 1 60 21 31 31
0107_0039_0031_0053_0053.jpg 1 39 31 53 53
0108_0060_0009_0025_0025.jpg 1 60 9 25 25
0109_0024_0036_0026_0026.jpg 1 24 36 26 26
0110_0013_0015_0067_0067.jpg 1 13 15 67 67
0111_0020_0009_0065_0065.jpg 1 20 9 65 65
0112_0043_0034_0039_0039.jpg 1 43 34 39 39
0113_0055_0010_0037_0037.jpg 1 55 10 37 37
0114_0047_0015_0040_0040.jpg 1 47 15 40 40
0115_0010_0028_0065_0065.jpg 1 10 28 65 65
0116_0009_0026_0068_0068.jpg 1 9 26 68 68
0117_0043_0055_0034_0034.jpg 1 43 55 34 34
0118_0008_0025_0052_0052.jpg 1 8 25 52 52
0119_0038_0026_0053_0053.jpg 1 38 26 53 53
0120_0015_0022_0056_0056.jpg 1 15 22 56 56
0121_0013_0013_0063_0063.jpg 1 13 13 63 63
0122_0008_0024_0067_0067.jpg 1 8 24 67 67
0123_0014_0016_0062_0062.jpg 1 14 16 62 62
0124_0023_0022_0039_0039.jpg 1 23 22 39 39
0125_0053_0043_0038_0038.jpg 1 53 43 38 38
0126_0036_0046_0041_0041.jpg 1 36 46 41 41
0127_0049_0036_0038_0038.jpg 1 49 36 38 38
0128_0019_0014_0064_0064.jpg 1 19 14 64 64
0129_0020_0034_0061_0061.jpg 1 20 34 61 61
0130_0016_0024_0064_0064.jpg 1 16 24 64 64
0131_0018_0023_0057_0057.jpg 1 18 23 57 57
0132_0047_0011_0045_0045.jpg 1 47 11 45 45
0133_0031_0009_0062_0062.jpg 1 31 9 62 62
0134_0046_0020_0030_0030.jpg 1 46 20 30 30
0135_0012_0040_0051_0051.jpg 1 12 40 51 51
0136_0010_0014_0069_0069.jpg 1 10 14 69 69
0137_0063_0048_0024_0024.jpg 1 63 48 24 24
0138_0019_0007_0045_0045.jpg 1 19 7 45 45
0139_0005_0026_0048_0048.jpg 1 5 26 48 48
0140_0012_0045_0036_0036.jpg 1 12 45 36 36
0141_0020_0027_0046_0046.jpg 1 20 27 46 46
0142_0022_0014_0062_0062.jpg 1 22 14 62 62
0143_0034_0014_0053_0053.jpg 1 34 14 53 53
0144_0011_0006_0046_0046.jpg 1 11 6 46 46
0145_0036_0014_0031_0031.jpg 1 36 14 31 31
0146_0035_0006_0037_0037.jpg 1 35 6 37 37
0147_0017_0003_0065_0065.jpg 1 17 3 65 65
0148_0019_0011_0057_0057.jpg 1 19 11 57 57
0149_0042_0043_0044_0044.jpg 1 42 43 44 44
0150_0038_0012_0056_0056.jpg 1 38 12 56 56
0151_0044_0008_0041_0041.jpg 1 44 8 41 41
0152_0029_0033_0031_0031.jpg 1 29 33 31 31
0153_0010_0007_0065_0065.jpg 1 10 7 65 65
0154_0027_0048_0035_0035.jpg 1 27 48 35 35
0155_0036_0015_0046_0046.jpg 1 36 15 46 46
0156_0013_0009_0063_0063.jpg 1 13 9 63 63
0157_0019_0006_0040_0040.jpg 1 19 6 40 40
0158_0019_0029_0044_0044.jpg 1 19 29 44 44
0159_0012_0037_0046_0046.jpg 1 12 37 46 46
0160_0026_0030_0055_0055.jpg 1 26 30 55 55
0161_0026_0049_0027_0027.jpg 1 26 49 27 27
0162_0018_0028_0062_0062.jpg 1 18 28 62 62
0163_0032_0011_0025_0025.jpg 1 32 11 25 25
0164_0018_0019_0056_0056.jpg 1 18 19 56 56
0165_0008_0017_0051_0051.jpg 1 8 17 51 51
0166_0003_0011_0063_0063.jpg 1 3 11 63 63
0167_0022_0022_0060_0060.jpg 1 22 22 60 60
0168_0022_0014_0055_0055.jpg 1 22 14 55 55
0169_0013_0053_0038_0038.jpg 1 13 53 38 38
0170_0038_0039_0046_0046.jpg 1 38 39 46 46
0171_0003_0011_0064_0064.jpg 1 3 11 64 64
0172_0019_0011_0060_0060.jpg 1 19 11 60 60
0173_0038_0018_0054_0054.jpg 1 38 18 54 54
0174_0018_0008_0033_0033.jpg 1 18 8 33 33
0175_0015_0031_0054_0054.jpg 1 15 31 54 54
0176_0006_0038_0046_0046.jpg 1 6 38 46 46
0177_0008_0059_0032_0032.jpg 1 8 59 32 32
0178_0014_0025_0051_0051.jpg 1 14 25 51 51
0179_0033_0040_0035_0035.jpg 1 33 40 35 35
0180_0036_0011_0039_0039.jpg 1 36 11 39 39
0181_0029_0050_0038_0038.jpg 1 29 50 38 38
0182_0025_0039_0056_0056.jpg 1 25 39 56 56
0183_0028_0042_0031_0031.jpg 1 28 42 31 31
0184_0062_0030_0026_0026.jpg 1 62 30 26 26
0185_0020_0022_0032_0032.jpg 1 20 22 32 32
0186_0026_0032_0051_0051.jpg 1 26 32 51 51
0187_0061_0007_0026_0026.jpg 1 61 7 26 26
0188_0011_0036_0030_0030.jpg 1 11 36 30 30
0189_0014_0012_0045_0045.jpg 1 14 12 45 45
0190_0025_0027_0056_0056.jpg 1 25 27 56 56
0191_0007_0025_0066_0066.jpg 1 7 25 66 66
0192_0009_0016_0055_0055.jpg 1 9 16 55 55
0193_0022_0012_0040_0040.jpg 1 22 12 40 40
0194_0031_0014_0055_0055.jpg 1 31 14 55 55
0195_0033_0012_0045_0045.jpg 1 33 12 45 45
0196_0025_0021_0048_0048.jpg 1 25 21 48 48
0197_0030_0027_0047_0047.jpg 1 30 27 47 47
0198_0016_0021_0065_0065.jpg 1 16 21 65 65
0199_0046_0042_0028_0028.jpg 1 46 42 28 28
0200_0023_0045_0047_0047.jpg 1 23 45 47 47
0201_0009_0023_0045_0045.jpg 1 9 23 45 45
0202_0054_0039_0034_0034.jpg 1 54 39 34 34
0203_0027_0035_0041_0041.jpg 1 27 35 41 41
0204_0021_0019_0064_0064.jpg 1 21 19 64 64
0205_0038_0028_0044_0044.jpg 1 38 28 44 44
0206_0012_0025_0053_0053.jpg 1 12 25 53 53
0207_0021_0039_0043_0043.jpg 1 21 39 43 43
0208_0004_0024_0068_0068.jpg 1 4 24 68 68
0209_0008_0008_0069_0069.jpg 1 8 8 69 69
0210_0012_0008_0065_0065.jpg 1 12 8 65 65
0211_0019_0016_0034_0034.jpg 1 19 16 34 34
0212_0020_0038_0045_0045.jpg 1 20 38 45 45
0213_0028_0026_0068_0068.jpg 1 28 26 68 68
0214_0017_0022_0055_0055.jpg 1 17 22 55 55
0215_0032_0042_0044_0044.jpg 1 32 42 44 44
0216_0033_0035_0053_0053.jpg 1 33 35 53 53
0217_0030_0035_0048_0048.jpg 1 30 35 48 48
0218_0012_0026_0067_0067.jpg 1 12 26 67 67
0219_0011_0016_0053_0053.jpg 1 11 16 53 53
0220_0033_0015_0042_0042.jpg 1 33 15 42 42
0221_0022_0011_0061_0061.jpg 1 22 11 61 61
0222_0048_0017_0028_0028.jpg 1 48 17 28 28
0223_0005_0032_0052_0052.jpg 1 5 32 52 52
0224_0028_0023_0052_0052.jpg 1 28 23 52 52
0225_0030_0057_0036_0036.jpg 1 30 57 36 36
0226_0014_0008_0062_0062.jpg 1 14 8 62 62
0227_0013_0031_0057_0057.jpg 1 13 31 57 57
0228_0030_0032_0052_0052.jpg 1 30 32 52 52
0229_0030_0037_0052_0052.jpg 1 30 37 52 52
0230_0046_0026_0029_0029.jpg 1 46 26 29 29
0231_0032_0016_0044_0044.jpg 1 32 16 44 44
0232_0010_0028_0039_0039.jpg 1 10 28 39 39
0233_0020_0065_0025_0025.jpg 1 20 65 25 25
0234_0016_0029_0027_0027.jpg 1 16 29 27 27
0235_0005_0014_0066_0066.jpg 1 5 14 66 66
0236_0028_0024_0052_0052.jpg 1 28 24 52 52
0237_0044_0021_0048_0048.jpg 1 44 21 48 48
0238_0034_0012_0032_0032.jpg 1 34 12 32 32
0239_0036_0044_0044_0044.jpg 1 36 44 44 44
0240_0053_0058_0029_0029.jpg 1 53 58 29 29
0241_0010_0044_0026_0026.jpg 1 10 44 26 26
0242_0013_0012_0069_0069.jpg 1 13 12 69 69
0243_0038_0008_0052_0052.jpg 1 38 8 52 52
0244_0032_0020_0025_0025.jpg 1 32 20 25 25
0245_0035_0031_0047_0047.jpg 1 35 31 47 47
0246_0024_0013_0069_0069.jpg 1 24 13 69 69
0247_0010_0033_0040_0040.jpg 1 10 33 40 40
0248_0039_0018_0041_0041.jpg 1 39 18 41 41
0249_0011_0038_0049_0049.jpg 1 11 38 49 49
0250_0064_0059_0025_0025.jpg 1 64 59 25 25
0251_0004_0007_0062_0062.jpg 1 4 7 62 62
0252_0025_0031_0062_0062.jpg 1 25 31 62 62
0253_0052_0044_0026_0026.jpg 1 52 44 26 26
0254_0045_0018_0030_0030.jpg 1 45 18 30 30
0255_0013_0043_0043_0043.jpg 1 13 43 43 43
0256_0014_0026_0047_0047.jpg 1 14 26 47 47
0257_0026_0012_0061_0061.jpg 1 26 12 61 61
0258_0009_0020_0067_0067.jpg 1 9 20 67 67
0259_0009_0008_0050_0050.jpg 1 9 8 50 50
0260_0010_0021_0031_0031.jpg 1 10 21 31 31
0261_0006_0012_0064_0064.jpg 1 6 12 64 64
0262_0053_0018_0034_0034.jpg 1 53 18 34 34
0263_0007_0040_0049_0049.jpg 1 7 40 49 49
0264_0017_0022_0026_0026.jpg 1 17 22 26 26
0265_0024_0027_0063_0063.jpg 1 24 27 63 63
0266_0020_0049_0028_0028.jpg 1 20 49 28 28
0267_0032_0008_0043_0043.jpg 1 32 8 43 43
0268_0046_0005_0043_0043.jpg 1 46 5 43 43
0269_0023_0009_0062_0062.jpg 1 23 9 62 62
0270_0007_0038_0056_0056.jpg 1 7 38 56 56
0271_0057_0010_0027_0027.jpg 1 57 10 27 27
0272_0020_0034_0059_0059.jpg 1 20 34 59 59
0273_0041_0032_0043_0043.jpg 1 41 32 43 43
0274_0012_0042_0042_0042.jpg 1 12 42 42 42
0275_0023_0038_0035_0035.jpg 1 23 38 35 35
0276_0025_0014_0053_0053.jpg 1 25 14 53 53
0277_0046_0042_0047_0047.jpg 1 46 42 47 47
0278_0051_0049_0036_0036.jpg 1 51 49 36 36
0279_0006_0024_0056_0056.jpg 1 6 24 56 56
0280_0059_0018_0025_0025.jpg 1 59 18 25 25
0281_0026_0032_0039_0039.jpg 1 26 32 39 39
0282_0049_0020_0038_0038.jpg 1 49 20 38 38
0283_0016_0031_0065_0065.jpg 1 16 31 65 65
0284_0025_0026_0066_0066.jpg 1 25 26 66 66
0285_0026_0021_0043_0043.jpg 1 26 21 43 43
0286_0010_0017_0055_0055.jpg 1 10 17 55 55
0287_0035_0040_0044_0044.jpg 1 35 40 44 44
0288_0061_0036_0032_0032.jpg 1 61 36 32 32
0289_0026_0018_0051_0051.jpg 1 26 18 51 51
0290_0052_0039_0041_0041.jpg 1 52 39 41 41
0291_0034_0024_0056_0056.jpg 1 34 24 56 56
0292_0024_0005_0054_0054.jpg 1 24 5 54 54
0293_0037_0005_0046_0046.jpg 1 37 5 46 46
0294_0007_0037_0037_0037.jpg 1 7 37 37 37
0295_0034_0029_0060_0060.jpg 1 34 29 60 60
0296_0006_0008_0064_0064.jpg 1 6 8 64 64
0297_0029_0034_0042_0042.jpg 1 29 34 42 42
0298_0027_0023_0059_0059.jpg 1 27 23 59 59
0299_0050_0009_0042_0042.jpg 1 50 9 42 42
0300_0048_0056_0030_0030.jpg 1 48 56 30 30
0301_0053_0037_0029_0029.jpg 1 53 37 29 29
0302_0021_0041_0037_0037.jpg 1 21 41 37 37
0303_0012_0008_0053_0053.jpg 1 12 8 53 53
0304_0017_0014_0045_0045.jpg 1 17 14 45 45
0305_0040_0008_0038_0038.jpg 1 40 8 38 38
0306_0032_0044_0035_0035.jpg 1 32 44 35 35
0307_0008_0051_0035_0035.jpg 1 8 51 35 35
0308_0052_0009_0040_0040.jpg 1 52 9 40 40
0309_0017_0032_0053_0053.jpg 1 17 32 53 53
0310_0006_0048_0036_0036.jpg 1 6 48 36 36
0311_0029_0016_0061_0061.jpg 1 29 16 61 61
0312_0057_0014_0032_0032.jpg 1 57 14 32 32
0313_0032_0011_0056_0056.jpg 1 32 11 56 56
0314_0033_0011_0043_0043.jpg 1 33 11 43 43
0315_0015_0021_0069_0069.jpg 1 15 21 69 69
0316_0035_0018_0043_0043.jpg 1 35 18 43 43
0317_0030_0018_0040_0040.jpg 1 30 18 40 40
0318_0019_0054_0035_0035.jpg 1 19 54 35 35
0319_0015_0026_0063_0063.jpg 1 15 26 63 63
0320_0046_0030_0026_0026.jpg 1 46 30 26 26
0321_0021_0026_0069_0069.jpg 1 21 26 69 69
0322_0026_0018_0032_0032.jpg 1 26 18 32 32
0323_0032_0047_0043_0043.jpg 1 32 47 43 43
0324_0041_0058_0029_0029.jpg 1 41 58 29 29
0325_0025_0011_0065_0065.jpg 1 25 11 65 65
0326_0017_0010_0034_0034.jpg 1 17 10 34 34
0327_0053_0036_0039_0039.jpg 1 53 36 39 39
0328_0029_0009_0044_0044.jpg 1 29 9 44 44
0329_0021_0030_0060_0060.jpg 1 21 30 60 60
0330_0046_0010_0032_0032.jpg 1 46 10 32 32
0331_0015_0032_0025_0025.jpg 1 15 32 25 25
0332_0016_0013_0063_0063.jpg 1 16 13 63 63
0333_0011_0006_0069_0069.jpg 1 11 6 69 69
0334_0053_0008_0036_0036.jpg 1 53 8 36 36
0335_0034_0018_0060_0060.jpg 1 34 18 60 60
0336_0036_0026_0054_0054.jpg 1 36 26 54 54
0337_0024_0008_0044_0044.jpg 1 24 8 44 44
0338_0013_0026_0051_0051.jpg 1 13 26 51 51
0339_0027_0029_0051_0051.jpg 1 27 29 51 51
0340_0012_0005_0049_0049.jpg 1 12 5 49 49
0341_0007_0024_0050_0050.jpg 1 7 24 50 50
0342_0037_0030_0047_0047.jpg 1 37 30 47 47
0343_0019_0032_0054_0054.jpg 1 19 32 54 54
0344_0005_0025_0050_0050.jpg 1 5 25 50 50
0345_0006_0013_0055_0055.jpg 1 6 13 55 55
0346_0035_0036_0032_0032.jpg 1 35 36 32 32
0347_0006_0021_0052_0052.jpg 1 6 21 52 52
0348_0036_0024_0044_0044.jpg 1 36 24 44 44
0349_0009_0019_0049_0049.jpg 1 9 19 49 49
0350_0024_0040_0032_0032.jpg 1 24 40 32 32
0351_0028_0026_0042_0042.jpg 1 28 26 42 42
0352_0022_0018_0053_0053.jpg 1 22 18 53 53
0353_0021_0012_0046_0046.jpg 1 21 12 46 46
0354_0010_0012_0058_0058.jpg 1 10 12 58 58
0355_0010_0029_0042_0042.jpg 1 10 29 42 42
0356_0029_0020_0059_0059.jpg 1 29 20 59 59
0357_0009_0038_0040_0040.jpg 1 9 38 40 40
0358_0049_0036_0045_0045.jpg 1 49 36 45 45
0359_0025_0005_0049_0049.jpg 1 25 5 49 49
0360_0027_0024_0032_0032.jpg 1 27 24 32 32
0361_0035_0044_0039_0039.jpg 1 35 44 39 39
0362_0008_0016_0056_0056.jpg 1 8 16 56 56
0363_0020_0030_0055_0055.jpg 1 20 30 55 55
0364_0042_0012_0042_0042.jpg 1 42 12 42 42
0365_0018_0033_0058_0058.jpg 1 18 33 58 58
0366_0034_0011_0029_0029.jpg 1 34 11 29 29
0367_0017_0030_0040_0040.jpg 1 17 30 40 40
0368_0017_0037_0057_0057.jpg 1 17 37 57 57
0369_0064_0059_0028_0028.jpg 1 64 59 28 28
0370_0021_0016_0051_0051.jpg 1 21 16 51 51
0371_0024_0027_0067_0067.jpg 1 24 27 67 67
0372_0035_0019_0026_0026.jpg 1 35 19 26 26
0373_0012_0023_0061_0061.jpg 1 12 23 61 61
0374_0026_0028_0058_0058.jpg 1 26 28 58 58
0375_0019_0035_0057_0057.jpg 1 19 35 57 57
0376_0047_0028_0035_0035.jpg 1 47 28 35 35
0377_0015_0059_0030_0030.jpg 1 15 59 30 30
0378_0036_0026_0042_0042.jpg 1 36 26 42 42
0379_0008_0042_0040_0040.jpg 1 8 42 40 40
0380_0048_0037_0035_0035.jpg 1 48 37 35 35
0381_0015_0038_0041_0041.jpg 1 15 38 41 41
0382_0020_0021_0034_0034.jpg 1 20 21 34 34
0383_0033_0030_0047_0047.jpg 1 33 30 47 47
0384_0019_0035_0038_0038.jpg 1 19 35 38 38
0385_0039_0008_0039_0039.jpg 1 39 8 39 39
0386_0032_0016_0043_0043.jpg 1 32 16 43 43
0387_0027_0043_0036_0036.jpg 1 27 43 36 36
0388_0007_0023_0066_0066.jpg 1 7 23 66 66
0389_0032_0022_0056_0056.jpg 1 32 22 56 56
0390_0022_0056_0032_0032.jpg 1 22 56 32 32
0391_0020_0012_0044_0044.jpg 1 20 12 44 44
0392_0020_0046_0047_0047.jpg 1 20 46 47 47
0393_0045_0036_0028_0028.jpg 1 45 36 28 28
0394_0028_0035_0040_0040.jpg 1 28 35 40 40
0395_0036_0028_0024_0024.jpg 1 36 28 24 24
0396_0013_0005_0060_0060.jpg 1 13 5 60 60
0397_0028_0028_0026_0026.jpg 1 28 28 26 26
0398_0036_0014_0046_0046.jpg 1 36 14 46 46
0399_0018_0016_0066_0066.jpg 1 18 16 66 66
0400_0023_0010_0028_0028.jpg 1 23 10 28 28
0401_0040_0045_0037_0037.jpg 1 40 45 37 37
0402_0056_0031_0031_0031.jpg 1 56 31 31 31
0403_0029_0041_0050_0050.jpg 1 29 41 50 50
0404_0030_0033_0058_0058.jpg 1 30 33 58 58
0405_0021_0014_0053_0053.jpg 1 21 14 53 53
0406_0033_0026_0040_0040.jpg 1 33 26 40 40
0407_0007_0051_0025_0025.jpg 1 7 51 25 25
0408_0011_0033_0062_0062.jpg 1 11 33 62 62
0409_0025_0022_0040_0040.jpg 1 25 22 40 40
0410_0004_0021_0059_0059.jpg 1 4 21 59 59
0411_0039_0040_0051_0051.jpg 1 39 40 51 51
0412_0019_0028_0053_0053.jpg 1 19 28 53 53
0413_0050_0042_0041_0041.jpg 1 50 42 41 41
0414_0047_0013_0043_0043.jpg 1 47 13 43 43
0415_0006_0037_0040_0040.jpg 1 6 37 40 40
0416_0064_0053_0027_0027.jpg 1 64 53 27 27
0417_0014_0017_0059_0059.jpg 1 14 17 59 59
0418_0033_0040_0054_0054.jpg 1 33 40 54 54
0419_0020_0023_0064_0064.jpg 1 20 23 64 64
0420_0026_0019_0047_0047.jpg 1 26 19 47 47
0421_0013_0014_0069_0069.jpg 1 13 14 69 69
0422_0055_0044_0029_0029.jpg 1 55 44 29 29
0423_0008_0052_0031_0031.jpg 1 8 52 31 31
0424_0016_0058_0025_0025.jpg 1 16 58 25 25
0425_0064_0031_0025_0025.jpg 1 64 31 25 25
0426_0023_0012_0044_0044.jpg 1 23 12 44 44
0427_0022_0020_0052_0052.jpg 1 22 20 52 52
0428_0026_0011_0035_0035.jpg 1 26 11 35 35
0429_0005_0030_0062_0062.jpg 1 5 30 62 62
0430_0052_0031_0030_0030.jpg 1 52 31 30 30
0431_0010_0023_0040_0040.jpg 1 10 23 40 40
0432_0012_0032_0056_0056.jpg 1 12 32 56 56
0433_0016_0007_0068_0068.jpg 1 16 7 68 68
0434_0056_0019_0027_0027.jpg 1 56 19 27 27
0435_0029_0033_0035_0035.jpg 1 29 33 35 35
0436_0059_0013_0029_0029.jpg 1 59 13 29 29
0437_0006_0032_0058_0058.jpg 1 6 32 58 58
0438_0028_0017_0065_0065.jpg 1 28 17 65 65
0439_0026_0008_0068_0068.jpg 1 26 8 68 68
0440_0034_0016_0047_0047.jpg 1 34 16 47 47
0441_0034_0024_0048_0048.jpg 1 34 24 48 48
0442_0029_0028_0063_0063.jpg 1 29 28 63 63
0443_0027_0032_0058_0058.jpg 1 27 32 58 58
0444_0016_0020_0065_0065.jpg 1 16 20 65 65
0445_0045_0042_0031_0031.jpg 1 45 42 31 31
0446_0029_0047_0033_0033.jpg 1 29 47 33 33
0447_0008_0012_0043_0043.jpg 1 8 12 43 43
0448_0039_0038_0047_0047.jpg 1 39 38 47 47
0449_0040_0039_0051_0051.jpg 1 40 39 51 51
0450_0017_0005_0060_0060.jpg 1 17 5 60 60
0451_0024_0031_0053_0053.jpg 1 24 31 53 53
0452_0006_0024_0068_0068.jpg 1 6 24 68 68
0453_0033_0044_0031_0031.jpg 1 33 44 31 31
0454_0007_0055_0028_0028.jpg 1 7 55 28 28
0455_0034_0034_0055_0055.jpg 1 34 34 55 55
0456_0027_0012_0058_0058.jpg 1 27 12 58 58
0457_0055_0019_0030_0030.jpg 1 55 19 30 30
0458_0012_0045_0030_0030.jpg 1 12 45 30 30
0459_0040_0042_0026_0026.jpg 1 40 42 26 26
0460_0017_0016_0058_0058.jpg 1 17 16 58 58
0461_0064_0043_0028_0028.jpg 1 64 43 28 28
0462_0031_0022_0038_0038.jpg 1 31 22 38 38
0463_0009_0034_0060_0060.jpg 1 9 34 60 60
0464_0029_0018_0027_0027.jpg 1 29 18 27 27
0465_0061_0050_0026_0026.jpg 1 61 50 26 26
0466_0021_0026_0039_0039.jpg 1 21 26 39 39
0467_0026_0036_0038_0038.jpg 1 26 36 38 38
0468_0013_0037_0031_0031.jpg 1 13 37 31 31
0469_0042_0006_0049_0049.jpg 1 42 6 49 49
0470_0035_0049_0027_0027.jpg 1 35 49 27 27
0471_0048_0041_0024_0024.jpg 1 48 41 24 24
0472_0022_0036_0047_0047.jpg 1 22 36 47 47
0473_0008_0032_0025_0025.jpg 1 8 32 25 25
0474_0048_0011_0027_0027.jpg 1 48 11 27 27
0475_0024_0042_0028_0028.jpg 1 24 42 28 28
0476_0018_0016_0053_0053.jpg 1 18 16 53 53
0477_0034_0008_0051_0051.jpg 1 34 8 51 51
0478_0017_0024_0043_0043.jpg 1 17 24 43 43
0479_0023_0032_0059_0059.jpg 1 23 32 59 59
0480_0025_0037_0044_0044.jpg 1 25 37 44 44
0481_0028_0042_0047_0047.jpg 1 28 42 47 47
0482_0018_0048_0031_0031.jpg 1 18 48 31 31
0483_0007_0053_0034_0034.jpg 1 7 53 34 34
0484_0048_0020_0036_0036.jpg 1 48 20 36 36
0485_0015_0018_0054_0054.jpg 1 15 18 54 54
0486_0027_0031_0064_0064.jpg 1 27 31 64 64
0487_0018_0004_0069_0069.jpg 1 18 4 69 69
0488_0020_0009_0054_0054.jpg 1 20 9 54 54
0489_0021_0009_0053_0053.jpg 1 21 9 53 53
0490_0022_0006_0067_0067.jpg 1 22 6 67 67
0491_0026_0041_0046_0046.jpg 1 26 41 46 46
0492_0039_0039_0055_0055.jpg 1 39 39 55 55
0493_0010_0019_0055_0055.jpg 1 10 19 55 55
0494_0025_0027_0060_0060.jpg 1 25 27 60 60
0495_0030_0022_0054_0054.jpg 1 30 22 54 54
0496_0047_0062_0030_0030.jpg 1 47 62 30 30
0497_0035_0046_0041_0041.jpg 1 35 46 41 41
0498_0056_0007_0033_0033.jpg 1 56 7 33 33
0499_0026_0040_0052_0052.jpg 1 26 40 52 52
0500_0056_0016_0025_0025.jpg 1 56 16 25 25
0501_0044_0028_0034_0034.jpg 1 44 28 34 34
0502_0016_0011_0048_0048.jpg 1 16 11 48 48
0503_0013_0046_0029_0029.jpg 1 13 46 29 29
0504_0029_0014_0053_0053.jpg 1 29 14 53 53
0505_0025_0008_0037_0037.jpg 1 25 8 37 37
0506_0042_0055_0025_0025.jpg 1 42 55 25 25
0507_0016_0039_0052_0052.jpg 1 16 39 52 52
0508_0009_0017_0045_0045.jpg 1 9 17 45 45
0509_0044_0057_0034_0034.jpg 1 44 57 34 34
0510_0009_0010_0050_0050.jpg 1 9 10 50 50
0511_0047_0062_0029_0029.jpg 1 47 62 29 29
0512_0025_0022_0069_0069.jpg 1 25 22 69 69
0513_0037_0006_0054_0054.jpg 1 37 6 54 54
0514_0028_0028_0063_0063.jpg 1 28 28 63 63
0515_0034_0041_0031_0031.jpg 1 34 41 31 31
0516_0026_0033_0054_0054.jpg 1 26 33 54 54
0517_0027_0009_0058_0058.jpg 1 27 9 58 58
0518_0020_0030_0030_0030.jpg 1 20 30 30 30
0519_0044_0030_0050_0050.jpg 1 44 30 50 50
0520_0006_0034_0058_0058.jpg 1 6 34 58 58
0521_0025_0023_0056_0056.jpg 1 25 23 56 56
0522_0024_0042_0051_0051.jpg 1 24 42 51 51
0523_0034_0034_0039_0039.jpg 1 34 34 39 39
0524_0042_0021_0041_0041.jpg 1 42 21 41 41
0525_0036_0045_0035_0035.jpg 1 36 45 35 35
0526_0009_0033_0060_0060.jpg 1 9 33 60 60
0527_0027_0022_0041_0041.jpg 1 27 22 41 41
0528_0035_0009_0031_0031.jpg 1 35 9 31 31
0529_0004_0021_0060_0060.jpg 1 4 21 60 60
0530_0007_0031_0054_0054.jpg 1 7 31 54 54
0531_0031_0036_0058_0058.jpg 1 31 36 58 58
0532_0040_0036_0034_0034.jpg 1 40 36 34 34
0533_0009_0058_0031_0031.jpg 1 9 58 31 31
0534_0013_0014_0066_0066.jpg 1 13 14 66 66
0535_0047_0007_0045_0045.jpg 1 47 7 45 45
0536_0031_0053_0037_0037.jpg 1 31 53 37 37
0537_0059_0042_0031_0031.jpg 1 59 42 31 31
0538_0044_0032_0032_0032.jpg 1 44 32 32 32
0539_0049_0053_0029_0029.jpg 1 49 53 29 29
0540_0044_0048_0041_0041.jpg 1 44 48 41 41
0541_0011_0008_0052_0052.jpg 1 11 8 52 52
0542_0030_0029_0040_0040.jpg 1 30 29 40 40
0543_0011_0029_0065_0065.jpg 1 11 29 65 65
0544_0008_0026_0040_0040.jpg 1 8 26 40 40
0545_0046_0040_0033_0033.jpg 1 46 40 33 33
0546_0038_0005_0056_0056.jpg 1 38 5 56 56
0547_0008_0032_0047_0047.jpg 1 8 32 47 47
0548_0034_0035_0060_0060.jpg 1 34 35 60 60
0549_0030_0009_0065_0065.jpg 1 30 9 65 65
0550_0029_0004_0065_0065.jpg 1 29 4 65 65
0551_0046_0046_0035_0035.jpg 1 46 46 35 35
0552_0008_0033_0046_0046.jpg 1 8 33 46 46
0553_0044_0029_0025_0025.jpg 1 44 29 25 25
0554_0041_0041_0029_0029.jpg 1 41 41 29 29
0555_0033_0032_0045_0045.jpg 1 33 32 45 45
0556_0053_0024_0040_0040.jpg 1 53 24 40 40
0557_0026_0007_0043_0043.jpg 1 26 7 43 43
0558_0031_0007_0059_0059.jpg 1 31 7 59 59
0559_0031_0007_0025_0025.jpg 1 31 7 25 25
0560_0023_0023_0068_0068.jpg 1 23 23 68 68
0561_0031_0017_0052_0052.jpg 1 31 17 52 52
0562_0012_0017_0047_0047.jpg 1 12 17 47 47
0563_0019_0023_0056_0056.jpg 1 19 23 56 56
0564_0036_0011_0032_0032.jpg 1 36 11 32 32
0565_0058_0038_0027_0027.jpg 1 58 38 27 27
0566_0047_0058_0027_0027.jpg 1 47 58 27 27
0567_0019_0035_0053_0053.jpg 1 19 35 53 53
0568_0027_0038_0057_0057.jpg 1 27 38 57 57
0569_0033_0025_0044_0044.jpg 1 33 25 44 44
0570_0022_0014_0065_0065.jpg 1 22 14 65 65
0571_0042_0029_0036_0036.jpg 1 42 29 36 36
0572_0014_0034_0055_0055.jpg 1 14 34 55 55
0573_0024_0020_0035_0035.jpg 1 24 20 35 35
0574_0007_0044_0030_0030.jpg 1 7 44 30 30
0575_0024_0045_0049_0049.jpg 1 24 45 49 49
0576_0041_0013_0025_0025.jpg 1 41 13 25 25
0577_0037_0039_0047_0047.jpg 1 37 39 47 47
0578_0023_0048_0032_0032.jpg 1 23 48 32 32
0579_0035_0035_0047_0047.jpg 1 35 35 47 47
0580_0055_0016_0026_0026.jpg 1 55 16 26 26
0581_0009_0007_0061_0061.jpg 1 9 7 61 61
0582_0022_0012_0068_0068.jpg 1 22 12 68 68
0583_0047_0012_0036_0036.jpg 1 47 12 36 36
0584_0035_0007_0048_0048.jpg 1 35 7 48 48
0585_0015_0037_0050_0050.jpg 1 15 37 50 50
0586_0042_0053_0024_0024.jpg 1 42 53 24 24
0587_0014_0005_0057_0057.jpg 1 14 5 57 57
0588_0042_0027_0047_0047.jpg 1 42 27 47 47
0589_0004_0027_0062_0062.jpg 1 4 27 62 62
0590_0028_0038_0036_0036.jpg 1 28 38 36 36
0591_0020_0028_0040_0040.jpg 1 20 28 40 40
0592_0016_0013_0056_0056.jpg 1 16 13 56 56
0593_0014_0022_0061_0061.jpg 1 14 22 61 61
0594_0011_0030_0054_0054.jpg 1 11 30 54 54
0595_0019_0017_0041_0041.jpg 1 19 17 41 41
0596_0015_0045_0044_0044.jpg 1 15 45 44 44
0597_0011_0013_0040_0040.jpg 1 11 13 40 40
0598_0009_0006_0056_0056.jpg 1 9 6 56 56
0599_0014_0012_0033_0033.jpg 1 14 12 33 33
0600_0022_0019_0043_0043.jpg 1 22 19 43 43
0601_0012_0035_0059_0059.jpg 1 12 35 59 59
0602_0036_0043_0036_0036.jpg 1 36 43 36 36
0603_0010_0010_0055_0055.jpg 1 10 10 55 55
0604_0020_0024_0062_0062.jpg 1 20 24 62 62
0605_0029_0011_0062_0062.jpg 1 29 11 62 62
0606_0009_0035_0058_0058.jpg 1 9 35 58 58
0607_0037_0024_0037_0037.jpg 1 37 24 37 37
0608_0006_0016_0064_0064.jpg 1 6 16 64 64
0609_0016_0004_0063_0063.jpg 1 16 4 63 63
0610_0007_0020_0063_0063.jpg 1 7 20 63 63
0611_0013_0026_0054_0054.jpg 1 13 26 54 54
0612_0009_0053_0029_0029.jpg 1 9 53 29 29
0613_0009_0034_0061_0061.jpg 1 9 34 61 61
0614_0024_0033_0060_0060.jpg 1 24 33 60 60
0615_0038_0022_0046_0046.jpg 1 38 22 46 46
0616_0013_0019_0058_0058.jpg 1 13 19 58 58
0617_0005_0018_0057_0057.jpg 1 5 18 57 57
0618_0020_0023_0057_0057.jpg 1 20 23 57 57
0619_0026_0035_0044_0044.jpg 1 26 35 44 44
0620_0011_0036_0056_0056.jpg 1 11 36 56 56
0621_0050_0021_0032_0032.jpg 1 50 21 32 32
0622_0006_0013_0056_0056.jpg 1 6 13 56 56
0623_0035_0009_0047_0047.jpg 1 35 9 47 47
0624_0049_0049_0034_0034.jpg 1 49 49 34 34
0625_0038_0033_0057_0057.jpg 1 38 33 57 57
0626_0021_0021_0069_0069.jpg 1 21 21 69 69
0627_0015_0013_0061_0061.jpg 1 15 13 61 61
0628_0045_0031_0047_0047.jpg 1 45 31 47 47
0629_0008_0007_0049_0049.jpg 1 8 7 49 49
0630_0036_0023_0025_0025.jpg 1 36 23 25 25
0631_0013_0021_0052_0052.jpg 1 13 21 52 52
0632_0006_0019_0068_0068.jpg 1 6 19 68 68
0633_0020_0018_0069_0069.jpg 1 20 18 69 69
0634_0012_0007_0059_0059.jpg 1 12 7 59 59
0635_0016_0040_0043_0043.jpg 1 16 40 43 43
0636_0028_0054_0027_0027.jpg 1 28 54 27 27
0637_0018_0041_0047_0047.jpg 1 18 41 47 47
0638_0008_0028_0068_0068.jpg 1 8 28 68 68
0639_0011_0012_0067_0067.jpg 1 11 12 67 67
0640_0018_0056_0030_0030.jpg 1 18 56 30 30
0641_0034_0008_0055_0055.jpg 1 34 8 55 55
0642_0051_0044_0035_0035.jpg 1 51 44 35 35
0643_0005_0015_0047_0047.jpg 1 5 15 47 47
0644_0013_0012_0053_0053.jpg 1 13 12 53 53
0645_0054_0027_0037_0037.jpg 1 54 27 37 37
0646_0022_0031_0051_0051.jpg 1 22 31 51 51
0647_0031_0022_0040_0040.jpg 1 31 22 40 40
0648_0052_0008_0040_0040.jpg 1 52 8 40 40
0649_0031_0026_0047_0047.jpg 1 31 26 47 47
0650_0028_0013_0050_0050.jpg 1 28 13 50 50
0651_0029_0040_0025_0025.jpg 1 29 40 25 25
0652_0041_0041_0042_0042.jpg 1 41 41 42 42
0653_0051_0027_0024_0024.jpg 1 51 27 24 24
0654_0027_0012_0068_0068.jpg 1 27 12 68 68
0655_0033_0018_0045_0045.jpg 1 33 18 45 45
0656_0038_0025_0053_0053.jpg 1 38 25 53 53
0657_0053_0037_0024_0024.jpg 1 53 37 24 24
0658_0011_0028_0039_0039.jpg 1 11 28 39 39
0659_0023_0016_0055_0055.jpg 1 23 16 55 55
0660_0043_0054_0025_0025.jpg 1 43 54 25 25
0661_0044_0055_0027_0027.jpg 1 44 55 27 27
0662_0003_0025_0064_0064.jpg 1 3 25 64 64
0663_0020_0028_0029_0029.jpg 1 20 28 29 29
0664_0017_0008_0034_0034.jpg 1 17 8 34 34
0665_0020_0022_0051_0051.jpg 1 20 22 51 51
0666_0007_0054_0034_0034.jpg 1 7 54 34 34
0667_0061_0012_0030_0030.jpg 1 61 12 30 30
0668_0038_0018_0025_0025.jpg 1 38 18 25 25
0669_0020_0021_0038_0038.jpg 1 20 21 38 38
0670_0008_0009_0047_0047.jpg 1 8 9 47 47
0671_0016_0011_0068_0068.jpg 1 16 11 68 68
0672_0014_0008_0064_0064.jpg 1 14 8 64 64
0673_0005_0023_0069_0069.jpg 1 5 23 69 69
0674_0006_0012_0050_0050.jpg 1 6 12 50 50
0675_0010_0011_0042_0042.jpg 1 10 11 42 42
0676_0039_0032_0037_0037.jpg 1 39 32 37 37
0677_0007_0013_0042_0042.jpg 1 7 13 42 42
0678_0025_0011_0055_0055.jpg 1 25 11 55 55
0679_0014_0007_0058_0058.jpg 1 14 7 58 58
0680_0009_0025_0033_0033.jpg 1 9 25 33 33
0681_0036_0031_0058_0058.jpg 1 36 31 58 58
0682_0021_0011_0053_0053.jpg 1 21 11 53 53
0683_0028_0015_0066_0066.jpg 1 28 15 66 66
0684_0024_0033_0056_0056.jpg 1 24 33 56 56
0685_0013_0011_0069_0069.jpg 1 13 11 69 69
0686_0035_0037_0055_0055.jpg 1 35 37 55 55
0687_0066_0058_0024_0024.jpg 1 66 58 24 24
0688_0025_0005_0056_0056.jpg 1 25 5 56 56
0689_0047_0057_0029_0029.jpg 1 47 57 29 29
0690_0007_0042_0045_0045.jpg 1 7 42 45 45
0691_0025_0022_0049_0049.jpg 1 25 22 49 49
0692_0029_0005_0054_0054.jpg 1 29 5 54 54
0693_0014_0025_0045_0045.jpg 1 14 25 45 45
0694_0022_0041_0044_0044.jpg 1 22 41 44 44
0695_0008_0035_0058_0058.jpg 1 8 35 58 58
0696_0010_0009_0044_0044.jpg 1 10 9 44 44
0697_0038_0039_0041_0041.jpg 1 38 39 41 41
0698_0028_0010_0038_0038.jpg 1 28 10 38 38
0699_0035_0042_0043_0043.jpg 1 35 42 43 43
0700_0023_0040_0048_0048.jpg 1 23 40 48 48
0701_0006_0016_0066_0066.jpg 1 6 16 66 66
0702_0020_0016_0061_0061.jpg 1 20 16 61 61
0703_0025_0011_0069_0069.jpg 1 25 11 69 69
0704_0049_0052_0033_0033.jpg 1 49 52 33 33
0705_0021_0047_0033_0033.jpg 1 21 47 33 33
0706_0032_0010_0045_0045.jpg 1 32 10 45 45
0707_0031_0032_0057_0057.jpg 1 31 32 57 57
0708_0004_0030_0064_0064.jpg 1 4 30 64 64
0709_0040_0027_0043_0043.jpg 1 40 27 43 43
0710_0041_0044_0024_0024.jpg 1 41 44 24 24
0711_0038_0009_0026_0026.jpg 1 38 9 26 26
0712_0006_0040_0041_0041.jpg 1 6 40 41 41
0713_0026_0016_0064_0064.jpg 1 26 16 64 64
0714_0006_0019_0067_0067.jpg 1 6 19 67 67
0715_0049_0041_0041_0041.jpg 1 49 41 41 41
0716_0053_0025_0036_0036.jpg 1 53 25 36 36
0717_0054_0044_0039_0039.jpg 1 54 44 39 39
0718_0032_0015_0063_0063.jpg 1 32 15 63 63
0719_0053_0032_0029_0029.jpg 1 53 32 29 29
0720_0055_0045_0031_0031.jpg 1 55 45 31 31
0721_0007_0008_0048_0048.jpg 1 7 8 48 48
0722_0008_0034_0024_0024.jpg 1 8 34 24 24
0723_0036_0026_0033_0033.jpg 1 36 26 33 33
0724_0040_0019_0031_0031.jpg 1 40 19 31 31
0725_0045_0031_0035_0035.jpg 1 45 31 35 35
0726_0008_0015_0034_0034.jpg 1 8 15 34 34
0727_0032_0008_0059_0059.jpg 1 32 8 59 59
0728_0020_0022_0069_0069.jpg 1 20 22 69 69
0729_0014_0049_0041_0041.jpg 1 14 49 41 41
0730_0010_0005_0049_0049.jpg 1 10 5 49 49
0731_0046_0065_0025_0025.jpg 1 46 65 25 25
0732_0008_0041_0038_0038.jpg 1 8 41 38 38
0733_0019_0027_0063_0063.jpg 1 19 27 63 63
0734_0027_0006_0062_0062.jpg 1 27 6 62 62
0735_0063_0050_0028_0028.jpg 1 63 50 28 28
0736_0042_0033_0037_0037.jpg 1 42 33 37 37
0737_0018_0004_0065_0065.jpg 1 18 4 65 65
0738_0037_0009_0058_0058.jpg 1 37 9 58 58
0739_0046_0021_0037_0037.jpg 1 46 21 37 37
0740_0015_0010_0058_0058.jpg 1 15 10 58 58
0741_0021_0005_0064_0064.jpg 1 21 5 64 64
0742_0025_0038_0039_0039.jpg 1 25 38 39 39
0743_0039_0006_0052_0052.jpg 1 39 6 52 52
0744_0033_0030_0041_0041.jpg 1 33 30 41 41
0745_0029_0061_0031_0031.jpg 1 29 61 31 31
0746_0008_0014_0035_0035.jpg 1 8 14 35 35
0747_0013_0027_0062_0062.jpg 1 13 27 62 62
0748_0019_0038_0040_0040.jpg 1 19 38 40 40
0749_0013_0011_0039_0039.jpg 1 13 11 39 39
0750_0047_0015_0036_0036.jpg 1 47 15 36 36
0751_0030_0038_0041_0041.jpg 1 30 38 41 41
0752_0039_0034_0044_0044.jpg 1 39 34 44 44
0753_0047_0061_0028_0028.jpg 1 47 61 28 28
0754_0008_0019_0059_0059.jpg 1 8 19 59 59
0755_0027_0052_0034_0034.jpg 1 27 52 34 34
0756_0039_0013_0040_0040.jpg 1 39 13 40 40
0757_0009_0031_0042_0042.jpg 1 9 31 42 42
0758_0010_0006_0069_0069.jpg 1 10 6 69 69
0759_0015_0044_0039_0039.jpg 1 15 44 39 39
0760_0035_0039_0024_0024.jpg 1 35 39 24 24
0761_0012_0021_0064_0064.jpg 1 12 21 64 64
0762_0034_0010_0036_0036.jpg 1 34 10 36 36
0763_0030_0045_0049_0049.jpg 1 30 45 49 49
0764_0028_0048_0044_0044.jpg 1 28 48 44 44
0765_0024_0025_0035_0035.jpg 1 24 25 35 35
0766_0030_0034_0045_0045.jpg 1 30 34 45 45
0767_0008_0013_0036_0036.jpg 1 8 13 36 36
0768_0044_0009_0024_0024.jpg 1 44 9 24 24
0769_0011_0015_0054_0054.jpg 1 11 15 54 54
0770_0042_0041_0045_0045.jpg 1 42 41 45 45
0771_0045_0051_0042_0042.jpg 1 45 51 42 42
0772_0012_0045_0042_0042.jpg 1 12 45 42 42
0773_0054_0019_0037_0037.jpg 1 54 19 37 37
0774_0015_0005_0062_0062.jpg 1 15 5 62 62
0775_0011_0019_0025_0025.jpg 1 11 19 25 25
0776_0006_0015_0069_0069.jpg 1 6 15 69 69
0777_0029_0035_0050_0050.jpg 1 29 35 50 50
0778_0037_0029_0026_0026.jpg 1 37 29 26 26
0779_0016_0013_0064_0064.jpg 1 16 13 64 64
0780_0007_0017_0053_0053.jpg 1 7 17 53 53
0781_0025_0050_0034_0034.jpg 1 25 50 34 34
0782_0037_0022_0052_0052.jpg 1 37 22 52 52
0783_0033_0039_0054_0054.jpg 1 33 39 54 54
0784_0046_0032_0030_0030.jpg 1 46 32 30 30
0785_0041_0033_0035_0035.jpg 1 41 33 35 35
0786_0027_0039_0026_0026.jpg 1 27 39 26 26
0787_0015_0043_0041_0041.jpg 1 15 43 41 41
0788_0004_0014_0059_0059.jpg 1 4 14 59 59
0789_0022_0020_0063_0063.jpg 1 22 20 63 63
0790_0026_0028_0048_0048.jpg 1 26 28 48 48
0791_0047_0035_0033_0033.jpg 1 47 35 33 33
0792_0039_0024_0046_0046.jpg 1 39 24 46 46
0793_0031_0014_0034_0034.jpg 1 31 14 34 34
0794_0017_0012_0068_0068.jpg 1 17 12 68 68
0795_0027_0030_0028_0028.jpg 1 27 30 28 28
0796_0030_0038_0025_0025.jpg 1 30 38 25 25
0797_0030_0036_0038_0038.jpg 1 30 36 38 38
0798_0014_0014_0068_0068.jpg 1 14 14 68 68
0799_0042_0019_0048_0048.jpg 1 42 19 48 48
0800_0039_0047_0039_0039.jpg 1 39 47 39 39
